<?xml version="1.0" encoding="UTF-8"?>
<!-- Generated by org.testng.reporters.JUnitReportReporter -->
<testsuite hostname="venky" failures="0" tests="1" name="org.tcs.BasicTestCases.launchIRCTC" time="0.006" errors="0" timestamp="18 Mar 2024 04:25:37 GMT" skipped="0">
  <testcase classname="org.tcs.BasicTestCases.launchIRCTC" name="printMYname" time="0.006"/>
</testsuite> <!-- org.tcs.BasicTestCases.launchIRCTC -->
