<?xml version="1.0" encoding="UTF-8"?>
<!-- Generated by org.testng.reporters.JUnitReportReporter -->
<testsuite hostname="venky" failures="0" tests="1" name="org.tcs.BasicTestCases.launchGoogle" time="10.099" errors="0" timestamp="17 Mar 2024 12:01:40 GMT" skipped="0">
  <testcase classname="org.tcs.BasicTestCases.launchGoogle" name="openGoogle" time="10.099"/>
</testsuite> <!-- org.tcs.BasicTestCases.launchGoogle -->
