<?xml version="1.0" encoding="UTF-8"?>
<!-- Generated by org.testng.reporters.JUnitReportReporter -->
<testsuite hostname="venky" failures="0" tests="1" name="org.tcs.BasicTestCases.javascriptexe" time="9.088" errors="0" timestamp="26 Feb 2024 17:09:11 GMT" skipped="0">
  <testcase classname="org.tcs.BasicTestCases.javascriptexe" name="scrollInto" time="9.088"/>
</testsuite> <!-- org.tcs.BasicTestCases.javascriptexe -->
