<?xml version="1.0" encoding="UTF-8"?>
<!-- Generated by org.testng.reporters.JUnitReportReporter -->
<testsuite hostname="venky" failures="0" tests="1" name="org.tcs.BasicTestCases.FirstTestCase" time="11.447" errors="0" timestamp="23 Feb 2024 22:36:43 GMT" skipped="0">
  <testcase classname="org.tcs.BasicTestCases.FirstTestCase" name="launchGoogle" time="11.447"/>
</testsuite> <!-- org.tcs.BasicTestCases.FirstTestCase -->
