<?xml version="1.0" encoding="UTF-8"?>
<!-- Generated by org.testng.reporters.JUnitReportReporter -->
<testsuite hostname="venky" failures="0" tests="3" name="org.tcs.selenium.TestNGExamples.Testng" time="0.000" errors="0" timestamp="18 Mar 2024 04:04:27 GMT" skipped="2">
  <testcase classname="org.tcs.selenium.TestNGExamples.Testng" name="sample" time="0.000"/>
  <testcase classname="org.tcs.selenium.TestNGExamples.Testng" name="method2">
    <skipped/>
  </testcase> <!-- method2 -->
  <testcase classname="org.tcs.selenium.TestNGExamples.Testng" name="method1">
    <skipped/>
  </testcase> <!-- method1 -->
</testsuite> <!-- org.tcs.selenium.TestNGExamples.Testng -->
