<?xml version="1.0" encoding="UTF-8"?>
<!-- Generated by org.testng.reporters.JUnitReportReporter -->
<testsuite hostname="venky" failures="0" tests="4" name="org.tcs.selenium.Basics.Testng" time="0.017" errors="0" timestamp="23 Feb 2024 13:04:12 GMT" skipped="2">
  <testcase classname="org.tcs.selenium.Basics.Testng" name="sample" time="0.005"/>
  <testcase classname="org.tcs.selenium.Basics.Testng" name="method3" time="0.012"/>
  <testcase classname="org.tcs.selenium.Basics.Testng" name="method1">
    <skipped/>
  </testcase> <!-- method1 -->
  <testcase classname="org.tcs.selenium.Basics.Testng" name="method2">
    <skipped/>
  </testcase> <!-- method2 -->
</testsuite> <!-- org.tcs.selenium.Basics.Testng -->
