<?xml version="1.0" encoding="UTF-8"?>
<!-- Generated by org.testng.reporters.JUnitReportReporter -->
<testsuite hostname="venky" failures="0" tests="1" name="org.tcs.BasicTestCases.TestingIRCTC" time="7.396" errors="0" timestamp="17 Mar 2024 12:58:29 GMT" skipped="0">
  <testcase classname="org.tcs.BasicTestCases.TestingIRCTC" name="IRCTCTest" time="7.396"/>
</testsuite> <!-- org.tcs.BasicTestCases.TestingIRCTC -->
