<?xml version="1.0" encoding="UTF-8"?>
<!-- Generated by org.testng.reporters.JUnitReportReporter -->
<testsuite hostname="venky" failures="0" tests="1" name="org.tcs.selenium.Basics.LaunchBrowserWithTestng" time="3.517" errors="0" timestamp="23 Feb 2024 14:57:50 GMT" skipped="0">
  <testcase classname="org.tcs.selenium.Basics.LaunchBrowserWithTestng" name="doing" time="3.517"/>
</testsuite> <!-- org.tcs.selenium.Basics.LaunchBrowserWithTestng -->
